/*C3*/SET SCHEMA PUBLIC
DISCONNECT
/*C1*/SET SCHEMA SYSTEM_LOBS
INSERT INTO LOB_IDS VALUES(7,1265904,0,30)
COMMIT
ALTER SEQUENCE SYSTEM_LOBS.LOB_ID RESTART WITH 8
DELETE FROM BLOCKS WHERE BLOCK_ADDR=606
INSERT INTO BLOCKS VALUES(606,39,0)
INSERT INTO BLOCKS VALUES(645,2147483002,0)
DELETE FROM BLOCKS WHERE BLOCK_ADDR=606
INSERT INTO LOBS VALUES(606,39,0,7)
COMMIT
/*C4*/SET SCHEMA PUBLIC
INSERT INTO ANALYSISSUMMRY VALUES('7db0389b-ae8d-4cf5-9260-36647989d4a8',NULL,NULL,'cooper','\u6309\u5f15\u5165\u7684\u8def\u5f84\u8bc6\u522b\u7ec4\u4ef6\u8fdb\u884c\u5206\u6790',71408,767,646,121,64,64,0.1850000023841858E0,0.5789999961853027E0,0.24699999392032623E0,1039.4010009765625E0,1296.5999755859375E0,0.6060000061988831E0,0.5379999876022339E0,0.0E0,15,'2015-06-19 12:11:47.088000')
INSERT INTO ANALYSISDATA VALUES('7db0389b-ae8d-4cf5-9260-36647989d4a8',7)
SET SCHEMA SYSTEM_LOBS
DELETE FROM LOB_IDS WHERE LOB_ID=7
INSERT INTO LOB_IDS VALUES(7,1265904,1,30)
COMMIT
SET SCHEMA PUBLIC
DISCONNECT
